<?xml version="1.0" encoding="UTF-8"?>
<testsuite xmlns:xsi="http://www.w3.org/2001/XMLSchema-instance" xsi:noNamespaceSchemaLocation="https://maven.apache.org/surefire/maven-surefire-plugin/xsd/surefire-test-report.xsd" name="zls.mastermind.dao.MasterMindDBDaoTest" time="0.02" tests="7" errors="0" skipped="0" failures="0">
  <properties>
[...]
</properties>
  <testcase name="testAddGame" classname="zls.mastermind.dao.MasterMindDBDaoTest" time="0.008"/>
  <testcase name="testGetAllGames" classname="zls.mastermind.dao.MasterMindDBDaoTest" time="0"/>
  <testcase name="testAddRound" classname="zls.mastermind.dao.MasterMindDBDaoTest" time="0.001"/>
  <testcase name="testGetGame" classname="zls.mastermind.dao.MasterMindDBDaoTest" time="0"/>
  <testcase name="testUpdateStatus" classname="zls.mastermind.dao.MasterMindDBDaoTest" time="0"/>
  <testcase name="testDeleteGame" classname="zls.mastermind.dao.MasterMindDBDaoTest" time="0.001"/>
  <testcase name="testGetRounds" classname="zls.mastermind.dao.MasterMindDBDaoTest" time="0"/>
</testsuite>